Using pre-set license
Built from '2020.3/release' branch; Version is '2020.3.1f1 (77a89f25062f) revision 7841951'; Using compiler version '192528614'; Build Type 'Release'
OS: 'Windows 10 Pro; OS build 19042.928; Version 2009; 64bit' Language: 'zh' Physical Memory: 16310 MB
BatchMode: 1, IsHumanControllingUs: 0, StartBugReporterOnCrash: 0, Is64bit: 1, IsPro: 0

 COMMAND LINE ARGUMENTS:
C:\Program Files\Unity\Hub\Editor\2020.3.1f1\Editor\Unity.exe
-adb2
-batchMode
-noUpm
-name
AssetImportWorker0
-projectPath
C:/Users/alenf/Documents/GitHub/CSIT321UniLife/UniLife
-logFile
Logs/AssetImportWorker0.log
-srvPort
1072
Successfully changed project path to: C:/Users/alenf/Documents/GitHub/CSIT321UniLife/UniLife
C:/Users/alenf/Documents/GitHub/CSIT321UniLife/UniLife
Using Asset Import Pipeline V2.
Refreshing native plugins compatible for Editor in 39.59 ms, found 0 plugins.
Preloading 0 native plugins for Editor in 0.00 ms.
Initialize engine version: 2020.3.1f1 (77a89f25062f)
[Subsystems] Discovering subsystems at path C:/Program Files/Unity/Hub/Editor/2020.3.1f1/Editor/Data/Resources/UnitySubsystems
[Subsystems] Discovering subsystems at path C:/Users/alenf/Documents/GitHub/CSIT321UniLife/UniLife/Assets
GfxDevice: creating device client; threaded=0
Direct3D:
    Version:  Direct3D 11.0 [level 11.1]
    Renderer: NVIDIA GeForce RTX 3060 Ti (ID=0x2486)
    Vendor:   
    VRAM:     8050 MB
    Driver:   27.21.14.6172
Initialize mono
Mono path[0] = 'C:/Program Files/Unity/Hub/Editor/2020.3.1f1/Editor/Data/Managed'
Mono path[1] = 'C:/Program Files/Unity/Hub/Editor/2020.3.1f1/Editor/Data/MonoBleedingEdge/lib/mono/unityjit'
Mono config path = 'C:/Program Files/Unity/Hub/Editor/2020.3.1f1/Editor/Data/MonoBleedingEdge/etc'
Using monoOptions --debugger-agent=transport=dt_socket,embedding=1,server=y,suspend=n,address=127.0.0.1:56824
Begin MonoManager ReloadAssembly
Registering precompiled unity dll's ...
Register platform support module: C:/Program Files/Unity/Hub/Editor/2020.3.1f1/Editor/Data/PlaybackEngines/WindowsStandaloneSupport/UnityEditor.WindowsStandalone.Extensions.dll
Registered in 0.001757 seconds.
Native extension for WindowsStandalone target not found
Refreshing native plugins compatible for Editor in 40.36 ms, found 0 plugins.
Preloading 0 native plugins for Editor in 0.00 ms.
Invoked RoslynAnalysisRunner static constructor.
RoslynAnalysisRunner will not be running.
RoslynAnalysisRunner has terminated.
Mono: successfully reloaded assembly
- Completed reload, in  0.943 seconds
Platform modules already initialized, skipping
Registering precompiled user dll's ...
Registered in 0.000648 seconds.
Begin MonoManager ReloadAssembly
Native extension for WindowsStandalone target not found
Refreshing native plugins compatible for Editor in 0.39 ms, found 0 plugins.
Preloading 0 native plugins for Editor in 0.00 ms.
Invoked RoslynAnalysisRunner static constructor.
RoslynAnalysisRunner will not be running.
RoslynAnalysisRunner has terminated.
Mono: successfully reloaded assembly
- Completed reload, in  0.710 seconds
Platform modules already initialized, skipping
========================================================================
Worker process is ready to serve import requests
Launched and connected shader compiler UnityShaderCompiler.exe after 0.04 seconds
Refreshing native plugins compatible for Editor in 0.40 ms, found 0 plugins.
Preloading 0 native plugins for Editor in 0.00 ms.
Unloading 1342 Unused Serialized files (Serialized files now loaded: 0)
System memory in use before: 70.7 MB.
System memory in use after: 70.8 MB.

Unloading 9 unused Assets to reduce memory usage. Loaded Objects now: 1788.
Total: 1.554500 ms (FindLiveObjects: 0.219900 ms CreateObjectMapping: 0.031600 ms MarkObjects: 1.233000 ms  DeleteObjects: 0.068900 ms)

========================================================================
Received Import Request.
  path: Assets/Scripts/Save/SaveManager.cs
  artifactKey: Guid(4560c1f2529a90b439dac3a590c6e61e) Importer(815301076,1909f56bfc062723c751e8b465ee728b)
Start importing Assets/Scripts/Save/SaveManager.cs using Guid(4560c1f2529a90b439dac3a590c6e61e) Importer(815301076,1909f56bfc062723c751e8b465ee728b)  -> (artifact id: 'f3ddd62af2277021f317856d47215f88') in 0.022151 seconds
  Import took 0.024608 seconds .

========================================================================
Received Prepare
Registering precompiled user dll's ...
Registered in 0.000848 seconds.
Begin MonoManager ReloadAssembly
Native extension for WindowsStandalone target not found
Refreshing native plugins compatible for Editor in 0.42 ms, found 0 plugins.
Preloading 0 native plugins for Editor in 0.00 ms.
Invoked RoslynAnalysisRunner static constructor.
RoslynAnalysisRunner will not be running.
RoslynAnalysisRunner has terminated.
Mono: successfully reloaded assembly
- Completed reload, in  0.656 seconds
Platform modules already initialized, skipping
Refreshing native plugins compatible for Editor in 0.47 ms, found 0 plugins.
Preloading 0 native plugins for Editor in 0.00 ms.
Unloading 1322 Unused Serialized files (Serialized files now loaded: 0)
System memory in use before: 69.5 MB.
System memory in use after: 69.6 MB.

Unloading 4 unused Assets to reduce memory usage. Loaded Objects now: 1791.
Total: 2.177900 ms (FindLiveObjects: 0.250900 ms CreateObjectMapping: 0.041800 ms MarkObjects: 1.856200 ms  DeleteObjects: 0.027400 ms)

========================================================================
Received Import Request.
  Time since last request: 226.032377 seconds.
  path: Assets/Scripts/StudentCenter/SingleSubject.cs
  artifactKey: Guid(cb31b6317f99a9d4188d30753ae27240) Importer(815301076,1909f56bfc062723c751e8b465ee728b)
Start importing Assets/Scripts/StudentCenter/SingleSubject.cs using Guid(cb31b6317f99a9d4188d30753ae27240) Importer(815301076,1909f56bfc062723c751e8b465ee728b)  -> (artifact id: '7bcc190a30874c9645e7fd0cc9101796') in 0.006298 seconds
  Import took 0.008336 seconds .

========================================================================
Received Import Request.
  Time since last request: 0.018880 seconds.
  path: Assets/Scripts/StudentCenter/SingleSubject.cs
  artifactKey: Guid(cb31b6317f99a9d4188d30753ae27240) Importer(815301076,1909f56bfc062723c751e8b465ee728b)
Start importing Assets/Scripts/StudentCenter/SingleSubject.cs using Guid(cb31b6317f99a9d4188d30753ae27240) Importer(815301076,1909f56bfc062723c751e8b465ee728b)  -> (artifact id: '7bcc190a30874c9645e7fd0cc9101796') in 0.001708 seconds
  Import took 0.003671 seconds .

========================================================================
Received Import Request.
  Time since last request: 1.448010 seconds.
  path: Assets/Scripts/StudentCenter/StudentCenter.cs
  artifactKey: Guid(b30f798f34944c545944c6cc54c68565) Importer(815301076,1909f56bfc062723c751e8b465ee728b)
Start importing Assets/Scripts/StudentCenter/StudentCenter.cs using Guid(b30f798f34944c545944c6cc54c68565) Importer(815301076,1909f56bfc062723c751e8b465ee728b)  -> (artifact id: '771452d0e4036a571149bed221f2b076') in 0.004625 seconds
  Import took 0.006561 seconds .

========================================================================
Received Import Request.
  Time since last request: 27.011773 seconds.
  path: Assets/Scripts/StudentCenter/StudentCenterUI.cs
  artifactKey: Guid(a7bd701402299ae4e8bdf6d6419c92d8) Importer(815301076,1909f56bfc062723c751e8b465ee728b)
Start importing Assets/Scripts/StudentCenter/StudentCenterUI.cs using Guid(a7bd701402299ae4e8bdf6d6419c92d8) Importer(815301076,1909f56bfc062723c751e8b465ee728b)  -> (artifact id: 'c046d4e069303854ab051145553432e4') in 0.005000 seconds
  Import took 0.007044 seconds .

========================================================================
Received Import Request.
  Time since last request: 0.003116 seconds.
  path: Assets/Scripts/StudentCenter/StudentCenterUI.cs
  artifactKey: Guid(a7bd701402299ae4e8bdf6d6419c92d8) Importer(815301076,1909f56bfc062723c751e8b465ee728b)
Start importing Assets/Scripts/StudentCenter/StudentCenterUI.cs using Guid(a7bd701402299ae4e8bdf6d6419c92d8) Importer(815301076,1909f56bfc062723c751e8b465ee728b)  -> (artifact id: 'c046d4e069303854ab051145553432e4') in 0.001683 seconds
  Import took 0.003608 seconds .

========================================================================
Received Import Request.
  Time since last request: 2.568185 seconds.
  path: Assets/Scripts/StudentCenter/StudentSubject.cs
  artifactKey: Guid(30dd46e1a90d3e3459a61e55cb0258a6) Importer(815301076,1909f56bfc062723c751e8b465ee728b)
Start importing Assets/Scripts/StudentCenter/StudentSubject.cs using Guid(30dd46e1a90d3e3459a61e55cb0258a6) Importer(815301076,1909f56bfc062723c751e8b465ee728b)  -> (artifact id: 'c6855a33ecf863c04a648417d177bf1f') in 0.005055 seconds
  Import took 0.007049 seconds .

========================================================================
Received Import Request.
  Time since last request: 3.710589 seconds.
  path: Assets/Scripts/StudentCenter/SubjectsDatabase.cs
  artifactKey: Guid(1107a413012b30c4a8018b3a92326b03) Importer(815301076,1909f56bfc062723c751e8b465ee728b)
Start importing Assets/Scripts/StudentCenter/SubjectsDatabase.cs using Guid(1107a413012b30c4a8018b3a92326b03) Importer(815301076,1909f56bfc062723c751e8b465ee728b)  -> (artifact id: '56fef67b7c6a3fe21be4d0cf19228305') in 0.005161 seconds
  Import took 0.007124 seconds .

========================================================================
Received Import Request.
  Time since last request: 409.189675 seconds.
  path: Assets/Scripts/GameManager/MiniGameTrigger.cs
  artifactKey: Guid(93ae2a817fb19884981965ffad2854e2) Importer(815301076,1909f56bfc062723c751e8b465ee728b)
Start importing Assets/Scripts/GameManager/MiniGameTrigger.cs using Guid(93ae2a817fb19884981965ffad2854e2) Importer(815301076,1909f56bfc062723c751e8b465ee728b)  -> (artifact id: '42a2d22b0f9642759d60235a57bf18bc') in 0.005770 seconds
  Import took 0.007974 seconds .

========================================================================
Received Import Request.
  Time since last request: 5.390597 seconds.
  path: Assets/Scripts/GameManager/StudentCentre.cs
  artifactKey: Guid(3369f2268530deb4eb5cf5959eb18131) Importer(815301076,1909f56bfc062723c751e8b465ee728b)
Start importing Assets/Scripts/GameManager/StudentCentre.cs using Guid(3369f2268530deb4eb5cf5959eb18131) Importer(815301076,1909f56bfc062723c751e8b465ee728b)  -> (artifact id: '93fb8f5fb189813e0166d4964aefa469') in 0.005537 seconds
  Import took 0.007492 seconds .

========================================================================
Received Import Request.
  Time since last request: 6.980238 seconds.
  path: Assets/Scripts/GameManager/MainGameManager.cs
  artifactKey: Guid(ad8ef7f7f7efd1544b656648ba4e6190) Importer(815301076,1909f56bfc062723c751e8b465ee728b)
Start importing Assets/Scripts/GameManager/MainGameManager.cs using Guid(ad8ef7f7f7efd1544b656648ba4e6190) Importer(815301076,1909f56bfc062723c751e8b465ee728b)  -> (artifact id: 'c954a45621ef76528cae97191bacd43a') in 0.005264 seconds
  Import took 0.007380 seconds .

========================================================================
Received Import Request.
  Time since last request: 90.889195 seconds.
  path: Assets/Scripts/QuizGame
  artifactKey: Guid(d18c1547d7872324a9bcc8bd2e53bae3) Importer(815301076,1909f56bfc062723c751e8b465ee728b)
Start importing Assets/Scripts/QuizGame using Guid(d18c1547d7872324a9bcc8bd2e53bae3) Importer(815301076,1909f56bfc062723c751e8b465ee728b)  -> (artifact id: 'c53ef4ad50cc1995b9fbcf581088635b') in 0.005257 seconds
  Import took 0.007452 seconds .

========================================================================
Received Import Request.
  Time since last request: 7.291556 seconds.
  path: Assets/Scripts/QuizGame/QuizType.cs
  artifactKey: Guid(f8e8638b14dc6194893be3b2a0a6d84e) Importer(815301076,1909f56bfc062723c751e8b465ee728b)
Start importing Assets/Scripts/QuizGame/QuizType.cs using Guid(f8e8638b14dc6194893be3b2a0a6d84e) Importer(815301076,1909f56bfc062723c751e8b465ee728b)  -> (artifact id: '5dcef7be4f3c33094ae2f739d21393ef') in 0.005204 seconds
  Import took 0.007597 seconds .

========================================================================
Received Import Request.
  Time since last request: 0.000203 seconds.
  path: Assets/Scripts/QuizGame/QuizType.cs
  artifactKey: Guid(f8e8638b14dc6194893be3b2a0a6d84e) Importer(815301076,1909f56bfc062723c751e8b465ee728b)
Start importing Assets/Scripts/QuizGame/QuizType.cs using Guid(f8e8638b14dc6194893be3b2a0a6d84e) Importer(815301076,1909f56bfc062723c751e8b465ee728b)  -> (artifact id: '5dcef7be4f3c33094ae2f739d21393ef') in 0.002008 seconds
  Import took 0.003871 seconds .

========================================================================
Received Import Request.
  Time since last request: 0.505167 seconds.
  path: Assets/Scripts/QuizGame/QuizData.cs
  artifactKey: Guid(0fa79c3d30f534d4ca2fb8d1722c7911) Importer(815301076,1909f56bfc062723c751e8b465ee728b)
Start importing Assets/Scripts/QuizGame/QuizData.cs using Guid(0fa79c3d30f534d4ca2fb8d1722c7911) Importer(815301076,1909f56bfc062723c751e8b465ee728b)  -> (artifact id: '8adeb25c5bbc7585c84cfaf6802441ac') in 0.005186 seconds
  Import took 0.007131 seconds .

========================================================================
Received Import Request.
  Time since last request: 0.957241 seconds.
  path: Assets/Scripts/QuizGame/AnswerButton.cs
  artifactKey: Guid(aa0463e8b539d9247824fb93852a8fe0) Importer(815301076,1909f56bfc062723c751e8b465ee728b)
Start importing Assets/Scripts/QuizGame/AnswerButton.cs using Guid(aa0463e8b539d9247824fb93852a8fe0) Importer(815301076,1909f56bfc062723c751e8b465ee728b)  -> (artifact id: 'ec9732a8b43a1fba2bc466ea77fbc1d2') in 0.004978 seconds
  Import took 0.006994 seconds .

========================================================================
Received Import Request.
  Time since last request: 0.000194 seconds.
  path: Assets/Scripts/QuizGame/AnswerButton.cs
  artifactKey: Guid(aa0463e8b539d9247824fb93852a8fe0) Importer(815301076,1909f56bfc062723c751e8b465ee728b)
Start importing Assets/Scripts/QuizGame/AnswerButton.cs using Guid(aa0463e8b539d9247824fb93852a8fe0) Importer(815301076,1909f56bfc062723c751e8b465ee728b)  -> (artifact id: 'ec9732a8b43a1fba2bc466ea77fbc1d2') in 0.001554 seconds
  Import took 0.003166 seconds .

========================================================================
Received Import Request.
  Time since last request: 1.330814 seconds.
  path: Assets/Scripts/QuizGame/AnswerDate.cs
  artifactKey: Guid(4ef2f9eee99067344a3e6f774c847fe8) Importer(815301076,1909f56bfc062723c751e8b465ee728b)
Start importing Assets/Scripts/QuizGame/AnswerDate.cs using Guid(4ef2f9eee99067344a3e6f774c847fe8) Importer(815301076,1909f56bfc062723c751e8b465ee728b)  -> (artifact id: '92855bd7fdb4017f612412d99e7d4ba8') in 0.005082 seconds
  Import took 0.007120 seconds .

========================================================================
Received Import Request.
  Time since last request: 1.302753 seconds.
  path: Assets/Scripts/QuizGame/GameController.cs
  artifactKey: Guid(2dbc277fecf62da4ba22aeddb2783cd1) Importer(815301076,1909f56bfc062723c751e8b465ee728b)
Start importing Assets/Scripts/QuizGame/GameController.cs using Guid(2dbc277fecf62da4ba22aeddb2783cd1) Importer(815301076,1909f56bfc062723c751e8b465ee728b)  -> (artifact id: '7e727dba4444498bb24be16a7f2856a8') in 0.005006 seconds
  Import took 0.007101 seconds .

========================================================================
Received Import Request.
  Time since last request: 4.300683 seconds.
  path: Assets/Scripts/QuizGame/DataController.cs
  artifactKey: Guid(654abf050a20d48429faa690de0d8324) Importer(815301076,1909f56bfc062723c751e8b465ee728b)
Start importing Assets/Scripts/QuizGame/DataController.cs using Guid(654abf050a20d48429faa690de0d8324) Importer(815301076,1909f56bfc062723c751e8b465ee728b)  -> (artifact id: 'b7883382ae21b36cd2a9761c4a20da91') in 0.006875 seconds
  Import took 0.008987 seconds .

========================================================================
Received Import Request.
  Time since last request: 5.816964 seconds.
  path: Assets/Scripts/QuizGame/SimpleObjectPool.cs
  artifactKey: Guid(2393adb83efb94a45931c1fc7eaf210c) Importer(815301076,1909f56bfc062723c751e8b465ee728b)
Start importing Assets/Scripts/QuizGame/SimpleObjectPool.cs using Guid(2393adb83efb94a45931c1fc7eaf210c) Importer(815301076,1909f56bfc062723c751e8b465ee728b)  -> (artifact id: 'f32d9b638a44bb0f108a1bf148434894') in 0.005235 seconds
  Import took 0.007292 seconds .

========================================================================
Received Import Request.
  Time since last request: 0.001060 seconds.
  path: Assets/Scripts/QuizGame/SimpleObjectPool.cs
  artifactKey: Guid(2393adb83efb94a45931c1fc7eaf210c) Importer(815301076,1909f56bfc062723c751e8b465ee728b)
Start importing Assets/Scripts/QuizGame/SimpleObjectPool.cs using Guid(2393adb83efb94a45931c1fc7eaf210c) Importer(815301076,1909f56bfc062723c751e8b465ee728b)  -> (artifact id: 'f32d9b638a44bb0f108a1bf148434894') in 0.001793 seconds
  Import took 0.003849 seconds .

========================================================================
Received Import Request.
  Time since last request: 671.718097 seconds.
  path: Assets/Scripts/StudentCenter/PassedSubject.cs
  artifactKey: Guid(3cbfab7cab8f46d4582ba2d1d0294618) Importer(815301076,1909f56bfc062723c751e8b465ee728b)
Start importing Assets/Scripts/StudentCenter/PassedSubject.cs using Guid(3cbfab7cab8f46d4582ba2d1d0294618) Importer(815301076,1909f56bfc062723c751e8b465ee728b)  -> (artifact id: 'e9b00acc5a99f845b02dbd77d78eac88') in 0.005754 seconds
  Import took 0.007892 seconds .

AssetImportWorkerClient::OnTransportError - code=2 error=End of file
