Using pre-set license
Built from '2020.3/release' branch; Version is '2020.3.1f1 (77a89f25062f) revision 7841951'; Using compiler version '192528614'; Build Type 'Release'
OS: 'Windows 10 Pro; OS build 19042.928; Version 2009; 64bit' Language: 'zh' Physical Memory: 16310 MB
BatchMode: 1, IsHumanControllingUs: 0, StartBugReporterOnCrash: 0, Is64bit: 1, IsPro: 0

 COMMAND LINE ARGUMENTS:
C:\Program Files\Unity\Hub\Editor\2020.3.1f1\Editor\Unity.exe
-adb2
-batchMode
-noUpm
-name
AssetImportWorker0
-projectPath
C:/Users/alenf/Documents/GitHub/CSIT321UniLife/UniLife
-logFile
Logs/AssetImportWorker0.log
-srvPort
7204
Successfully changed project path to: C:/Users/alenf/Documents/GitHub/CSIT321UniLife/UniLife
C:/Users/alenf/Documents/GitHub/CSIT321UniLife/UniLife
Using Asset Import Pipeline V2.
Refreshing native plugins compatible for Editor in 39.86 ms, found 0 plugins.
Preloading 0 native plugins for Editor in 0.00 ms.
Initialize engine version: 2020.3.1f1 (77a89f25062f)
[Subsystems] Discovering subsystems at path C:/Program Files/Unity/Hub/Editor/2020.3.1f1/Editor/Data/Resources/UnitySubsystems
[Subsystems] Discovering subsystems at path C:/Users/alenf/Documents/GitHub/CSIT321UniLife/UniLife/Assets
GfxDevice: creating device client; threaded=0
Direct3D:
    Version:  Direct3D 11.0 [level 11.1]
    Renderer: NVIDIA GeForce RTX 3060 Ti (ID=0x2486)
    Vendor:   
    VRAM:     8050 MB
    Driver:   27.21.14.6172
Initialize mono
Mono path[0] = 'C:/Program Files/Unity/Hub/Editor/2020.3.1f1/Editor/Data/Managed'
Mono path[1] = 'C:/Program Files/Unity/Hub/Editor/2020.3.1f1/Editor/Data/MonoBleedingEdge/lib/mono/unityjit'
Mono config path = 'C:/Program Files/Unity/Hub/Editor/2020.3.1f1/Editor/Data/MonoBleedingEdge/etc'
Using monoOptions --debugger-agent=transport=dt_socket,embedding=1,server=y,suspend=n,address=127.0.0.1:56120
Begin MonoManager ReloadAssembly
Registering precompiled unity dll's ...
Register platform support module: C:/Program Files/Unity/Hub/Editor/2020.3.1f1/Editor/Data/PlaybackEngines/WindowsStandaloneSupport/UnityEditor.WindowsStandalone.Extensions.dll
Registered in 0.001580 seconds.
Native extension for WindowsStandalone target not found
Refreshing native plugins compatible for Editor in 39.44 ms, found 0 plugins.
Preloading 0 native plugins for Editor in 0.00 ms.
Invoked RoslynAnalysisRunner static constructor.
RoslynAnalysisRunner will not be running.
RoslynAnalysisRunner has terminated.
Mono: successfully reloaded assembly
- Completed reload, in  1.569 seconds
Platform modules already initialized, skipping
Registering precompiled user dll's ...
Registered in 0.000695 seconds.
Begin MonoManager ReloadAssembly
Native extension for WindowsStandalone target not found
Refreshing native plugins compatible for Editor in 0.41 ms, found 0 plugins.
Preloading 0 native plugins for Editor in 0.00 ms.
Invoked RoslynAnalysisRunner static constructor.
RoslynAnalysisRunner will not be running.
RoslynAnalysisRunner has terminated.
Mono: successfully reloaded assembly
- Completed reload, in  0.685 seconds
Platform modules already initialized, skipping
========================================================================
Worker process is ready to serve import requests
Launched and connected shader compiler UnityShaderCompiler.exe after 0.04 seconds
Refreshing native plugins compatible for Editor in 0.40 ms, found 0 plugins.
Preloading 0 native plugins for Editor in 0.00 ms.
Unloading 1342 Unused Serialized files (Serialized files now loaded: 0)
System memory in use before: 70.7 MB.
System memory in use after: 70.8 MB.

Unloading 9 unused Assets to reduce memory usage. Loaded Objects now: 1788.
Total: 1.902200 ms (FindLiveObjects: 0.257200 ms CreateObjectMapping: 0.243000 ms MarkObjects: 1.328200 ms  DeleteObjects: 0.072700 ms)

========================================================================
Received Import Request.
  path: Assets/Scenes/QuizGameSetUp.unity
  artifactKey: Guid(dfd8be0e5a4bf4b4d9b3ee8b7662d004) Importer(815301076,1909f56bfc062723c751e8b465ee728b)
Start importing Assets/Scenes/QuizGameSetUp.unity using Guid(dfd8be0e5a4bf4b4d9b3ee8b7662d004) Importer(815301076,1909f56bfc062723c751e8b465ee728b)  -> (artifact id: '473bce484ccaab0ac3b7f7336480446a') in 0.017612 seconds
  Import took 0.020084 seconds .

========================================================================
Received Import Request.
  Time since last request: 0.000182 seconds.
  path: Assets/Scenes/QuizGameMenuScreen.unity
  artifactKey: Guid(710ad5a8266e9544ab98895a1940dc04) Importer(815301076,1909f56bfc062723c751e8b465ee728b)
Start importing Assets/Scenes/QuizGameMenuScreen.unity using Guid(710ad5a8266e9544ab98895a1940dc04) Importer(815301076,1909f56bfc062723c751e8b465ee728b)  -> (artifact id: '111690fa53718117911e6f578953f04c') in 0.006376 seconds
  Import took 0.008271 seconds .

========================================================================
Received Import Request.
  Time since last request: 3.889771 seconds.
  path: Assets/Scenes/QuizGameMain.unity
  artifactKey: Guid(5494f0db1f9d51a44a2326152ac0435b) Importer(815301076,1909f56bfc062723c751e8b465ee728b)
Start importing Assets/Scenes/QuizGameMain.unity using Guid(5494f0db1f9d51a44a2326152ac0435b) Importer(815301076,1909f56bfc062723c751e8b465ee728b)  -> (artifact id: '5369ba025e35a3f6cfa582e193d193e9') in 0.006579 seconds
  Import took 0.008614 seconds .

========================================================================
Received Import Request.
  Time since last request: 42.824525 seconds.
  path: Assets/QuizGamePrefabs/AnswerButton.prefab
  artifactKey: Guid(749b10f8e29446d4094b2ebe8346d90c) Importer(815301076,1909f56bfc062723c751e8b465ee728b)
Start importing Assets/QuizGamePrefabs/AnswerButton.prefab using Guid(749b10f8e29446d4094b2ebe8346d90c) Importer(815301076,1909f56bfc062723c751e8b465ee728b)  -> (artifact id: 'f1b59c0fd6e9ca5a75df1e8e796720f1') in 0.043333 seconds
  Import took 0.045514 seconds .

========================================================================
Received Import Request.
  Time since last request: 0.003304 seconds.
  path: Assets/QuizGamePrefabs/AnswerButton.prefab
  artifactKey: Guid(749b10f8e29446d4094b2ebe8346d90c) Importer(815301076,1909f56bfc062723c751e8b465ee728b)
Start importing Assets/QuizGamePrefabs/AnswerButton.prefab using Guid(749b10f8e29446d4094b2ebe8346d90c) Importer(815301076,1909f56bfc062723c751e8b465ee728b)  -> (artifact id: 'f1b59c0fd6e9ca5a75df1e8e796720f1') in 0.003658 seconds
  Import took 0.005714 seconds .

AssetImportWorkerClient::OnTransportError - code=2 error=End of file
